\BOOKMARK [0][-]{chapter.1}{Pr\341ctica 1 - Conjuntos, Relaciones y Funciones}{}% 1
\BOOKMARK [1][-]{section.1.1}{Guia 1}{chapter.1}% 2
\BOOKMARK [1][-]{section.1.2}{Resoluci\363n}{chapter.1}% 3
\BOOKMARK [0][-]{chapter.2}{Pr\341ctica 2 - N\372meros Naturales e Inducci\363n}{}% 4
\BOOKMARK [1][-]{section.2.1}{Resoluci\363n}{chapter.2}% 5
\BOOKMARK [0][-]{chapter.3}{Pr\341ctica 3 - N\372meros enteros \(Parte 2\)}{}% 6
\BOOKMARK [1][-]{section.3.1}{Guia 3}{chapter.3}% 7
\BOOKMARK [1][-]{section.3.2}{Resoluci\363n}{chapter.3}% 8
\BOOKMARK [0][-]{chapter.4}{Pr\341ctica 4 - N\372meros enteros \(Parte 2\)}{}% 9
\BOOKMARK [1][-]{section.4.1}{Guia 4}{chapter.4}% 10
\BOOKMARK [1][-]{section.4.2}{Resoluci\363n}{chapter.4}% 11
\BOOKMARK [0][-]{chapter.5}{Pr\341ctica 5 - N\372meros enteros \(Parte 2\)}{}% 12
\BOOKMARK [1][-]{section.5.1}{Guia 5}{chapter.5}% 13
\BOOKMARK [1][-]{section.5.2}{Resoluci\363n}{chapter.5}% 14
\BOOKMARK [1][-]{section.5.3}{Definici\363n de \040Qc, Pc, I, fv}{chapter.5}% 15
\BOOKMARK [2][-]{subsection.5.3.1}{ Pre \040wp\(c\363digo previo al ciclo, Pc \)}{section.5.3}% 16
\BOOKMARK [2][-]{subsection.5.3.2}{ Qc \040wp\(if..then..else..fi, Post\)}{section.5.3}% 17
\BOOKMARK [0][-]{chapter.6}{Demostraci\363n de la correcci\363n del ciclo}{}% 18
\BOOKMARK [1][-]{subsection.6.0.1}{Qc \040wp\(ciclo, Qc\)}{chapter.6}% 19
\BOOKMARK [2][-]{subsection.6.0.2}{ Pc \040I }{subsection.6.0.1}% 20
\BOOKMARK [2][-]{subsection.6.0.3}{ \040\(I \040B\) Qc }{subsection.6.0.1}% 21
\BOOKMARK [2][-]{subsection.6.0.4}{ \173IB\175 ciclo \173I\175 }{subsection.6.0.1}% 22
\BOOKMARK [2][-]{subsection.6.0.5}{ I fv 0 B }{subsection.6.0.1}% 23
\BOOKMARK [2][-]{subsection.6.0.6}{ \173 I B v0 = fv \175 S \173fv <v0 \175 }{subsection.6.0.1}% 24
\BOOKMARK [0][-]{chapter.7}{Conclusiones}{}% 25
