\BOOKMARK [1][-]{chapter*.2}{Resumen}{}% 1
\BOOKMARK [1][-]{section.0.1}{\277Qu\351 es un algoritmo?}{}% 2
\BOOKMARK [1][-]{section.0.2}{\277Qu\351 es un buen algoritmo?}{}% 3
\BOOKMARK [1][-]{section.0.3}{\277Cuando un problema est\341 bien resuelto?}{}% 4
\BOOKMARK [1][-]{section.0.4}{Repaso - Complejidad computacional}{}% 5
\BOOKMARK [2][-]{section*.3}{Modelo uniforme}{section.0.4}% 6
\BOOKMARK [3][-]{section*.4}{Modelo logar\355tmico}{section*.3}% 7
\BOOKMARK [0][-]{chapter.1}{Algoritmos dividir y conquistar}{}% 8
\BOOKMARK [1][-]{section.1.1}{Conocimientos previos}{chapter.1}% 9
\BOOKMARK [1][-]{section.1.2}{Estado del arte}{chapter.1}% 10
\BOOKMARK [0][-]{chapter.2}{Grafos algoritmos sobre grafos}{}% 11
\BOOKMARK [1][-]{section.2.1}{Teor\355a cl\341sica}{chapter.2}% 12
\BOOKMARK [2][-]{subsection.2.1.1}{Definici\363n de variables}{section.2.1}% 13
\BOOKMARK [2][-]{subsection.2.1.2}{Pruebas y refutaciones}{section.2.1}% 14
\BOOKMARK [1][-]{section.2.2}{Hip\363tesis}{chapter.2}% 15
\BOOKMARK [0][-]{chapter.3}{Problema de \341rbol generador m\355nimo}{}% 16
\BOOKMARK [1][-]{section.3.1}{Simulaci\363n de resultados}{chapter.3}% 17
\BOOKMARK [2][-]{subsection.3.1.1}{Suposiciones}{section.3.1}% 18
\BOOKMARK [2][-]{subsection.3.1.2}{Modelos}{section.3.1}% 19
\BOOKMARK [1][-]{section.3.2}{Resultados preliminares}{chapter.3}% 20
\BOOKMARK [1][-]{section.3.3}{Resultados postprocesados}{chapter.3}% 21
\BOOKMARK [2][-]{subsection.3.3.1}{Valores at\355picos}{section.3.3}% 22
\BOOKMARK [2][-]{subsection.3.3.2}{Correlaciones}{section.3.3}% 23
\BOOKMARK [0][-]{chapter.4}{Problema de flujo m\341ximo}{}% 24
\BOOKMARK [0][-]{chapter.5}{Problema de camino m\355nimo}{}% 25
\BOOKMARK [0][-]{chapter.6}{Algoritmos de fuerza bruta y backtracking}{}% 26
\BOOKMARK [0][-]{chapter.7}{Problemas NP completos}{}% 27
\BOOKMARK [0][-]{chapter.8}{Heur\355sticas y algoritmos golosos}{}% 28
\BOOKMARK [0][-]{chapter.9}{Algoritmos gen\351ticos}{}% 29
\BOOKMARK [0][-]{chapter.10}{Algoritmos evolutivos}{}% 30
