\BOOKMARK [0][-]{chapter.1}{Introducci\363n}{}% 1
\BOOKMARK [1][-]{section.1.1}{Modelos probabil\355sticos}{chapter.1}% 2
\BOOKMARK [1][-]{section.1.2}{Experimento}{chapter.1}% 3
\BOOKMARK [1][-]{section.1.3}{\277Que es la probabilidad?}{chapter.1}% 4
\BOOKMARK [1][-]{section.1.4}{Intuici\363n}{chapter.1}% 5
\BOOKMARK [1][-]{section.1.5}{Principio de indiferencia}{chapter.1}% 6
\BOOKMARK [2][-]{section*.2}{Ley de los grandes n\372meros y frecuencia relativa}{section.1.5}% 7
\BOOKMARK [1][-]{section.1.6}{Espacio muestral}{chapter.1}% 8
\BOOKMARK [1][-]{section.1.7}{Evento}{chapter.1}% 9
\BOOKMARK [1][-]{section.1.8}{Cardinal}{chapter.1}% 10
\BOOKMARK [1][-]{section.1.9}{Complemento}{chapter.1}% 11
\BOOKMARK [1][-]{section.1.10}{Intersecci\363n}{chapter.1}% 12
\BOOKMARK [1][-]{section.1.11}{Uni\363n}{chapter.1}% 13
\BOOKMARK [1][-]{section.1.12}{Inclusi\363n}{chapter.1}% 14
\BOOKMARK [1][-]{section.1.13}{Diferencia}{chapter.1}% 15
\BOOKMARK [0][-]{chapter.2}{Variable aleatoria}{}% 16
\BOOKMARK [1][-]{section.2.1}{Teor\355a cl\341sica}{chapter.2}% 17
\BOOKMARK [2][-]{subsection.2.1.1}{Definici\363n de variables}{section.2.1}% 18
\BOOKMARK [2][-]{subsection.2.1.2}{Pruebas y refutaciones}{section.2.1}% 19
\BOOKMARK [1][-]{section.2.2}{Hip\363tesis}{chapter.2}% 20
\BOOKMARK [0][-]{chapter.3}{Resultados}{}% 21
\BOOKMARK [1][-]{section.3.1}{Simulaci\363n de resultados}{chapter.3}% 22
\BOOKMARK [2][-]{subsection.3.1.1}{Suposiciones}{section.3.1}% 23
\BOOKMARK [2][-]{subsection.3.1.2}{Modelos}{section.3.1}% 24
\BOOKMARK [1][-]{section.3.2}{Resultados preliminares}{chapter.3}% 25
\BOOKMARK [1][-]{section.3.3}{Resultados postprocesados}{chapter.3}% 26
\BOOKMARK [2][-]{subsection.3.3.1}{Valores at\355picos}{section.3.3}% 27
\BOOKMARK [2][-]{subsection.3.3.2}{Correlaciones}{section.3.3}% 28
\BOOKMARK [0][-]{chapter.4}{Conclusiones}{}% 29
