\BOOKMARK [1][-]{chapter*.2}{Resumen}{}% 1
\BOOKMARK [0][-]{chapter.1}{CLASE NRO 1 - INTRODUCCI\323N.}{}% 2
\BOOKMARK [1][-]{section.1.1}{Investigaci\363n Operativa}{chapter.1}% 3
\BOOKMARK [1][-]{section.1.2}{Definici\363n aceptada por la SADIO}{chapter.1}% 4
\BOOKMARK [1][-]{section.1.3}{Mod\351los}{chapter.1}% 5
\BOOKMARK [2][-]{subsection.1.3.1}{\277Que es modelizar?}{section.1.3}% 6
\BOOKMARK [2][-]{subsection.1.3.2}{\277Para que hacer un modelo?}{section.1.3}% 7
\BOOKMARK [1][-]{section.1.4}{Elementos de un modelo}{chapter.1}% 8
\BOOKMARK [2][-]{subsection.1.4.1}{Hip\363tesis y supuestos:}{section.1.4}% 9
\BOOKMARK [2][-]{subsection.1.4.2}{Objetivo: }{section.1.4}% 10
\BOOKMARK [2][-]{subsection.1.4.3}{Actividad}{section.1.4}% 11
\BOOKMARK [2][-]{subsection.1.4.4}{Variables}{section.1.4}% 12
\BOOKMARK [1][-]{section.1.5}{Programaci\363n lineal}{chapter.1}% 13
\BOOKMARK [2][-]{subsection.1.5.1}{Programaci\363n Lineal Continua}{section.1.5}% 14
\BOOKMARK [2][-]{subsection.1.5.2}{Programaci\363n Lineal Entera}{section.1.5}% 15
\BOOKMARK [2][-]{subsection.1.5.3}{Supuestos b\341sicos de la Programaci\363n Lineal Continua}{section.1.5}% 16
\BOOKMARK [3][-]{section*.3}{Proporcionalidad}{subsection.1.5.3}% 17
\BOOKMARK [3][-]{section*.4}{Aditividad}{subsection.1.5.3}% 18
\BOOKMARK [3][-]{section*.5}{Divisibilidad}{subsection.1.5.3}% 19
\BOOKMARK [3][-]{section*.6}{Certeza}{subsection.1.5.3}% 20
\BOOKMARK [1][-]{section.1.6}{Centros de producci\363n}{chapter.1}% 21
\BOOKMARK [2][-]{subsection.1.6.1}{Armado vs Mezcla}{section.1.6}% 22
\BOOKMARK [1][-]{section.1.7}{Conceptos previos}{chapter.1}% 23
\BOOKMARK [1][-]{section.1.8}{Primer caso de estudio}{chapter.1}% 24
\BOOKMARK [0][-]{chapter.2}{Pr\341ctica 1 - Conjuntos, Relaciones y Funciones}{}% 25
\BOOKMARK [1][-]{section.2.1}{Resoluci\363n Guia 1}{chapter.2}% 26
\BOOKMARK [2][-]{subsection.2.1.1}{Ejercicio 1.1}{section.2.1}% 27
\BOOKMARK [2][-]{subsection.2.1.2}{Ejercicio 1.2}{section.2.1}% 28
\BOOKMARK [2][-]{subsection.2.1.3}{Ejercicio 1.3}{section.2.1}% 29
\BOOKMARK [2][-]{subsection.2.1.4}{Ejercicio 1.4}{section.2.1}% 30
\BOOKMARK [0][-]{chapter.3}{Pr\341ctica 2 - Conjuntos, Relaciones y Funciones}{}% 31
\BOOKMARK [1][-]{section.3.1}{Resoluci\363n Guia 2}{chapter.3}% 32
\BOOKMARK [2][-]{subsection.3.1.1}{Ejercicio 2.1}{section.3.1}% 33
\BOOKMARK [2][-]{subsection.3.1.2}{Ejercicio 2.2}{section.3.1}% 34
\BOOKMARK [0][-]{chapter.4}{Pr\341ctica 3 - Conjuntos, Relaciones y Funciones}{}% 35
\BOOKMARK [1][-]{section.4.1}{Resoluci\363n Guia 3}{chapter.4}% 36
\BOOKMARK [2][-]{subsection.4.1.1}{Ejercicio 3.3}{section.4.1}% 37
\BOOKMARK [2][-]{subsection.4.1.2}{Ejercicio 3.9}{section.4.1}% 38
\BOOKMARK [1][-]{section.4.2}{Resoluci\363n}{chapter.4}% 39
\BOOKMARK [0][-]{chapter.5}{Pr\341ctica 2 - N\372meros Naturales e Inducci\363n}{}% 40
\BOOKMARK [1][-]{section.5.1}{Resoluci\363n}{chapter.5}% 41
\BOOKMARK [0][-]{chapter.6}{Pr\341ctica 3 - N\372meros enteros \(Parte 2\)}{}% 42
\BOOKMARK [1][-]{section.6.1}{Guia 3}{chapter.6}% 43
\BOOKMARK [1][-]{section.6.2}{Resoluci\363n}{chapter.6}% 44
\BOOKMARK [0][-]{chapter.7}{Pr\341ctica 4 - N\372meros enteros \(Parte 2\)}{}% 45
\BOOKMARK [1][-]{section.7.1}{Guia 4}{chapter.7}% 46
\BOOKMARK [1][-]{section.7.2}{Resoluci\363n}{chapter.7}% 47
\BOOKMARK [0][-]{chapter.8}{Pr\341ctica 5 - N\372meros enteros \(Parte 2\)}{}% 48
\BOOKMARK [1][-]{section.8.1}{Guia 5}{chapter.8}% 49
\BOOKMARK [1][-]{section.8.2}{Resoluci\363n}{chapter.8}% 50
\BOOKMARK [1][-]{section.8.3}{Definici\363n de \040Qc, Pc, I, fv}{chapter.8}% 51
\BOOKMARK [2][-]{subsection.8.3.1}{ Pre \040wp\(c\363digo previo al ciclo, Pc \)}{section.8.3}% 52
\BOOKMARK [2][-]{subsection.8.3.2}{ Qc \040wp\(if..then..else..fi, Post\)}{section.8.3}% 53
\BOOKMARK [0][-]{chapter.9}{Demostraci\363n de la correcci\363n del ciclo}{}% 54
\BOOKMARK [1][-]{subsection.9.0.1}{Qc \040wp\(ciclo, Qc\)}{chapter.9}% 55
\BOOKMARK [2][-]{subsection.9.0.2}{ Pc \040I }{subsection.9.0.1}% 56
\BOOKMARK [2][-]{subsection.9.0.3}{ \040\(I \040B\) Qc }{subsection.9.0.1}% 57
\BOOKMARK [2][-]{subsection.9.0.4}{ \173IB\175 ciclo \173I\175 }{subsection.9.0.1}% 58
\BOOKMARK [2][-]{subsection.9.0.5}{ I fv 0 B }{subsection.9.0.1}% 59
\BOOKMARK [2][-]{subsection.9.0.6}{ \173 I B v0 = fv \175 S \173fv <v0 \175 }{subsection.9.0.1}% 60
\BOOKMARK [0][-]{chapter.10}{Conclusiones}{}% 61
