This is pdfTeX, Version 3.14159265-2.6-1.40.20 (TeX Live 2019/Debian) (preloaded format=pdflatex 2020.2.22)  18 JUN 2020 12:59
entering extended mode
 restricted \write18 enabled.
 %&-line parsing enabled.
**polinomioTaylor.tex
(./polinomioTaylor.tex
LaTeX2e <2018-12-01>

! LaTeX Error: Missing \begin{document}.

See the LaTeX manual or LaTeX Companion for explanation.
Type  H <return>  for immediate help.
 ...                                              
                                                  
l.2 P
     (x) es el polinomio que se acercca a una funcion f(x) en un punto $ x_{...

You're in trouble here.  Try typing  <return>  to proceed.
If that doesn't work, type  X <return>  to quit.

Missing character: There is no P in font nullfont!
Missing character: There is no ( in font nullfont!
Missing character: There is no x in font nullfont!
Missing character: There is no ) in font nullfont!
Missing character: There is no e in font nullfont!
Missing character: There is no s in font nullfont!
Missing character: There is no e in font nullfont!
Missing character: There is no l in font nullfont!
Missing character: There is no p in font nullfont!
Missing character: There is no o in font nullfont!
Missing character: There is no l in font nullfont!
Missing character: There is no i in font nullfont!
Missing character: There is no n in font nullfont!
Missing character: There is no o in font nullfont!
Missing character: There is no m in font nullfont!
Missing character: There is no i in font nullfont!
Missing character: There is no o in font nullfont!
Missing character: There is no q in font nullfont!
Missing character: There is no u in font nullfont!
Missing character: There is no e in font nullfont!
Missing character: There is no s in font nullfont!
Missing character: There is no e in font nullfont!
Missing character: There is no a in font nullfont!
Missing character: There is no c in font nullfont!
Missing character: There is no e in font nullfont!
Missing character: There is no r in font nullfont!
Missing character: There is no c in font nullfont!
Missing character: There is no c in font nullfont!
Missing character: There is no a in font nullfont!
Missing character: There is no a in font nullfont!
Missing character: There is no u in font nullfont!
Missing character: There is no n in font nullfont!
Missing character: There is no a in font nullfont!
Missing character: There is no f in font nullfont!
Missing character: There is no u in font nullfont!
Missing character: There is no n in font nullfont!
Missing character: There is no c in font nullfont!
Missing character: There is no i in font nullfont!
Missing character: There is no o in font nullfont!
Missing character: There is no n in font nullfont!
Missing character: There is no f in font nullfont!
Missing character: There is no ( in font nullfont!
Missing character: There is no x in font nullfont!
Missing character: There is no ) in font nullfont!
Missing character: There is no e in font nullfont!
Missing character: There is no n in font nullfont!
Missing character: There is no u in font nullfont!
Missing character: There is no n in font nullfont!
Missing character: There is no p in font nullfont!
Missing character: There is no u in font nullfont!
Missing character: There is no n in font nullfont!
Missing character: There is no t in font nullfont!
Missing character: There is no o in font nullfont!
LaTeX Font Info:    External font `cmex10' loaded for size
(Font)              <7> on input line 2.
LaTeX Font Info:    External font `cmex10' loaded for size
(Font)              <5> on input line 2.
Missing character: There is no y in font nullfont!
Missing character: There is no e in font nullfont!
Missing character: There is no s in font nullfont!
Missing character: There is no d in font nullfont!
Missing character: There is no e in font nullfont!
Missing character: There is no l in font nullfont!
Missing character: There is no a in font nullfont!
Missing character: There is no f in font nullfont!
Missing character: There is no o in font nullfont!
Missing character: There is no r in font nullfont!
Missing character: There is no m in font nullfont!
Missing character: There is no a in font nullfont!
Missing character: There is no : in font nullfont!

Overfull \hbox (20.0pt too wide) in paragraph at lines 2--3
[]
 []


Overfull \hbox (10.2014pt too wide) in paragraph at lines 2--3
\OML/cmm/m/it/10 x[]$
 []


Overfull \hbox (242.0695pt too wide) detected at line 5
\OML/cmm/m/it/10 P\OT1/cmr/m/n/10 (\OML/cmm/m/it/10 x\OT1/cmr/m/n/10 ) = \OML/c
mm/m/it/10 C[] \OT1/cmr/m/n/10 + \OML/cmm/m/it/10 C[] \OMS/cmsy/m/n/10 ^^A \OT1
/cmr/m/n/10 (\OML/cmm/m/it/10 x \OMS/cmsy/m/n/10 ^^@ \OML/cmm/m/it/10 x[]\OT1/c
mr/m/n/10 )[] + \OML/cmm/m/it/10 C[] \OMS/cmsy/m/n/10 ^^A \OT1/cmr/m/n/10 (\OML
/cmm/m/it/10 x \OMS/cmsy/m/n/10 ^^@ \OML/cmm/m/it/10 x[]\OT1/cmr/m/n/10 )[] + [
] + \OML/cmm/m/it/10 C[] \OMS/cmsy/m/n/10 ^^A \OT1/cmr/m/n/10 (\OML/cmm/m/it/10
 x \OMS/cmsy/m/n/10 ^^@ \OML/cmm/m/it/10 x[]\OT1/cmr/m/n/10 )[]
 []

Missing character: There is no L in font nullfont!
Missing character: There is no a in font nullfont!
Missing character: There is no f in font nullfont!
Missing character: There is no u in font nullfont!
Missing character: There is no n in font nullfont!
Missing character: There is no c in font nullfont!
Missing character: There is no i in font nullfont!
Missing character: There is no o in font nullfont!
Missing character: There is no n in font nullfont!
Missing character: There is no v in font nullfont!
Missing character: There is no a in font nullfont!
Missing character: There is no a in font nullfont!
Missing character: There is no s in font nullfont!
Missing character: There is no e in font nullfont!
Missing character: There is no r in font nullfont!
Missing character: There is no i in font nullfont!
Missing character: There is no g in font nullfont!
Missing character: There is no u in font nullfont!
Missing character: There is no a in font nullfont!
Missing character: There is no l in font nullfont!
Missing character: There is no a in font nullfont!
Missing character: There is no l in font nullfont!
Missing character: There is no p in font nullfont!
Missing character: There is no o in font nullfont!
Missing character: There is no l in font nullfont!
Missing character: There is no i in font nullfont!
Missing character: There is no n in font nullfont!
Missing character: There is no o in font nullfont!
Missing character: There is no m in font nullfont!
Missing character: There is no i in font nullfont!
Missing character: There is no o in font nullfont!
Missing character: There is no m in font nullfont!
Missing character: There is no a in font nullfont!
Missing character: There is no s in font nullfont!
Missing character: There is no u in font nullfont!
Missing character: There is no n in font nullfont!
Missing character: There is no r in font nullfont!
Missing character: There is no e in font nullfont!
Missing character: There is no s in font nullfont!
Missing character: There is no t in font nullfont!
Missing character: There is no o in font nullfont!
Missing character: There is no o in font nullfont!
Missing character: There is no e in font nullfont!
Missing character: There is no r in font nullfont!
Missing character: There is no r in font nullfont!
Missing character: There is no o in font nullfont!
Missing character: There is no r in font nullfont!
Missing character: There is no : in font nullfont!
! Undefined control sequence.
l.9 	f(x)=\underbrace{ P_{n}(x)}_{\text
                                       {polinomio grado n}}+ \underbrace{ R_...
The control sequence at the end of the top line
of your error message was never \def'ed. If you have
misspelled it (e.g., `\hobx'), type `I' and the correct
spelling (e.g., `I\hbox'). Otherwise just continue,
and I'll forget about whatever was undefined.

! Undefined control sequence.
l.9 ...o grado n}}+ \underbrace{ R_{n}(x) }_{\text
                                                  {resto asociado a P(x)}}
The control sequence at the end of the top line
of your error message was never \def'ed. If you have
misspelled it (e.g., `\hobx'), type `I' and the correct
spelling (e.g., `I\hbox'). Otherwise just continue,
and I'll forget about whatever was undefined.


Overfull \hbox (176.27768pt too wide) detected at line 10
\OML/cmm/m/it/10 f\OT1/cmr/m/n/10 (\OML/cmm/m/it/10 x\OT1/cmr/m/n/10 ) = [] + [
]
 []


! LaTeX Error: Missing \begin{document}.

See the LaTeX manual or LaTeX Companion for explanation.
Type  H <return>  for immediate help.
 ...                                              
                                                  
l.12 T
      aylor dice que si tomamos infinitos terminos para el polinomio entonce...

You're in trouble here.  Try typing  <return>  to proceed.
If that doesn't work, type  X <return>  to quit.

Missing character: There is no T in font nullfont!
Missing character: There is no a in font nullfont!
Missing character: There is no y in font nullfont!
Missing character: There is no l in font nullfont!
Missing character: There is no o in font nullfont!
Missing character: There is no r in font nullfont!
Missing character: There is no d in font nullfont!
Missing character: There is no i in font nullfont!
Missing character: There is no c in font nullfont!
Missing character: There is no e in font nullfont!
Missing character: There is no q in font nullfont!
Missing character: There is no u in font nullfont!
Missing character: There is no e in font nullfont!
Missing character: There is no s in font nullfont!
Missing character: There is no i in font nullfont!
Missing character: There is no t in font nullfont!
Missing character: There is no o in font nullfont!
Missing character: There is no m in font nullfont!
Missing character: There is no a in font nullfont!
Missing character: There is no m in font nullfont!
Missing character: There is no o in font nullfont!
Missing character: There is no s in font nullfont!
Missing character: There is no i in font nullfont!
Missing character: There is no n in font nullfont!
Missing character: There is no f in font nullfont!
Missing character: There is no i in font nullfont!
Missing character: There is no n in font nullfont!
Missing character: There is no i in font nullfont!
Missing character: There is no t in font nullfont!
Missing character: There is no o in font nullfont!
Missing character: There is no s in font nullfont!
Missing character: There is no t in font nullfont!
Missing character: There is no e in font nullfont!
Missing character: There is no r in font nullfont!
Missing character: There is no m in font nullfont!
Missing character: There is no i in font nullfont!
Missing character: There is no n in font nullfont!
Missing character: There is no o in font nullfont!
Missing character: There is no s in font nullfont!
Missing character: There is no p in font nullfont!
Missing character: There is no a in font nullfont!
Missing character: There is no r in font nullfont!
Missing character: There is no a in font nullfont!
Missing character: There is no e in font nullfont!
Missing character: There is no l in font nullfont!
Missing character: There is no p in font nullfont!
Missing character: There is no o in font nullfont!
Missing character: There is no l in font nullfont!
Missing character: There is no i in font nullfont!
Missing character: There is no n in font nullfont!
Missing character: There is no o in font nullfont!
Missing character: There is no m in font nullfont!
Missing character: There is no i in font nullfont!
Missing character: There is no o in font nullfont!
Missing character: There is no e in font nullfont!
Missing character: There is no n in font nullfont!
Missing character: There is no t in font nullfont!
Missing character: There is no o in font nullfont!
Missing character: There is no n in font nullfont!
Missing character: There is no c in font nullfont!
Missing character: There is no e in font nullfont!
Missing character: There is no s in font nullfont!
Missing character: There is no e in font nullfont!
Missing character: There is no l in font nullfont!
Missing character: There is no r in font nullfont!
Missing character: There is no e in font nullfont!
Missing character: There is no s in font nullfont!
Missing character: There is no t in font nullfont!
Missing character: There is no o in font nullfont!
Missing character: There is no v in font nullfont!
Missing character: There is no a in font nullfont!
Missing character: There is no a in font nullfont!
Missing character: There is no t in font nullfont!
Missing character: There is no e in font nullfont!
Missing character: There is no n in font nullfont!
Missing character: There is no d in font nullfont!
Missing character: There is no e in font nullfont!
Missing character: There is no r in font nullfont!
Missing character: There is no a in font nullfont!
Missing character: There is no c in font nullfont!
Missing character: There is no e in font nullfont!
Missing character: There is no r in font nullfont!
Missing character: There is no o in font nullfont!
Missing character: There is no , in font nullfont!
Missing character: There is no e in font nullfont!
Missing character: There is no s in font nullfont!
Missing character: There is no d in font nullfont!
Missing character: There is no e in font nullfont!
Missing character: There is no c in font nullfont!
Missing character: There is no i in font nullfont!
Missing character: There is no r in font nullfont!
Missing character: There is no q in font nullfont!
Missing character: There is no u in font nullfont!
Missing character: There is no e in font nullfont!
Missing character: There is no e in font nullfont!
Missing character: There is no n in font nullfont!
Missing character: There is no e in font nullfont!
Missing character: There is no l in font nullfont!
Missing character: There is no i in font nullfont!
Missing character: There is no n in font nullfont!
Missing character: There is no f in font nullfont!
Missing character: There is no i in font nullfont!
Missing character: There is no n in font nullfont!
Missing character: There is no i in font nullfont!
Missing character: There is no t in font nullfont!
Missing character: There is no o in font nullfont!
Missing character: There is no t in font nullfont!
Missing character: There is no a in font nullfont!
Missing character: There is no n in font nullfont!
Missing character: There is no t in font nullfont!
Missing character: There is no o in font nullfont!
Missing character: There is no P in font nullfont!
Missing character: There is no ( in font nullfont!
Missing character: There is no x in font nullfont!
Missing character: There is no ) in font nullfont!
Missing character: There is no v in font nullfont!
Missing character: There is no a in font nullfont!
Missing character: There is no a in font nullfont!
Missing character: There is no s in font nullfont!
Missing character: There is no e in font nullfont!
Missing character: There is no r in font nullfont!
Missing character: There is no i in font nullfont!
Missing character: There is no g in font nullfont!
Missing character: There is no u in font nullfont!
Missing character: There is no a in font nullfont!
Missing character: There is no l in font nullfont!
Missing character: There is no a in font nullfont!
Missing character: There is no f in font nullfont!
Missing character: There is no ( in font nullfont!
Missing character: There is no x in font nullfont!
Missing character: There is no ) in font nullfont!
Missing character: There is no , in font nullfont!
Missing character: There is no p in font nullfont!
Missing character: There is no e in font nullfont!
Missing character: There is no r in font nullfont!
Missing character: There is no o in font nullfont!
Missing character: There is no e in font nullfont!
Missing character: There is no n in font nullfont!
Missing character: There is no l in font nullfont!
Missing character: There is no a in font nullfont!
Missing character: There is no p in font nullfont!
Missing character: There is no r in font nullfont!
Missing character: There is no a in font nullfont!
Missing character: There is no c in font nullfont!
Missing character: There is no t in font nullfont!
Missing character: There is no i in font nullfont!
Missing character: There is no c in font nullfont!
Missing character: There is no a in font nullfont!
Missing character: There is no n in font nullfont!
Missing character: There is no o in font nullfont!
Missing character: There is no l in font nullfont!
Missing character: There is no l in font nullfont!
Missing character: There is no e in font nullfont!
Missing character: There is no g in font nullfont!
Missing character: There is no a in font nullfont!
Missing character: There is no m in font nullfont!
Missing character: There is no o in font nullfont!
Missing character: There is no s in font nullfont!
Missing character: There is no a in font nullfont!
Missing character: There is no t in font nullfont!
Missing character: There is no o in font nullfont!
Missing character: There is no m in font nullfont!
Missing character: There is no a in font nullfont!
Missing character: There is no r in font nullfont!
Missing character: There is no i in font nullfont!
Missing character: There is no n in font nullfont!
Missing character: There is no f in font nullfont!
Missing character: There is no i in font nullfont!
Missing character: There is no n in font nullfont!
Missing character: There is no i in font nullfont!
Missing character: There is no t in font nullfont!
Missing character: There is no o in font nullfont!
Missing character: There is no s in font nullfont!
Missing character: There is no , in font nullfont!
Missing character: There is no t in font nullfont!
Missing character: There is no e in font nullfont!
Missing character: There is no r in font nullfont!
Missing character: There is no m in font nullfont!
Missing character: There is no i in font nullfont!
Missing character: There is no n in font nullfont!
Missing character: There is no o in font nullfont!
Missing character: There is no s in font nullfont!
Missing character: There is no l in font nullfont!
Missing character: There is no o in font nullfont!
Missing character: There is no c in font nullfont!
Missing character: There is no o in font nullfont!
Missing character: There is no r in font nullfont!
Missing character: There is no t in font nullfont!
Missing character: There is no a in font nullfont!
Missing character: There is no m in font nullfont!
Missing character: There is no o in font nullfont!
Missing character: There is no s in font nullfont!
Missing character: There is no a in font nullfont!
Missing character: There is no n in font nullfont!
Missing character: There is no t in font nullfont!
Missing character: There is no e in font nullfont!
Missing character: There is no s in font nullfont!
Missing character: There is no . in font nullfont!

Overfull \hbox (20.0pt too wide) in paragraph at lines 12--13
[]
 []


Overfull \hbox (73.52815pt too wide) detected at line 13
[]\OT1/cmr/m/n/10 (\OML/cmm/m/it/10 R[]\OT1/cmr/m/n/10 (\OML/cmm/m/it/10 x\OT1/
cmr/m/n/10 )) = 0
 []

! Undefined control sequence.
l.15 \colorbox
              {green}{$\sqrt{\frac{x^2}{2}}$}
The control sequence at the end of the top line
of your error message was never \def'ed. If you have
misspelled it (e.g., `\hobx'), type `I' and the correct
spelling (e.g., `I\hbox'). Otherwise just continue,
and I'll forget about whatever was undefined.


! LaTeX Error: Missing \begin{document}.

See the LaTeX manual or LaTeX Companion for explanation.
Type  H <return>  for immediate help.
 ...                                              
                                                  
l.15 \colorbox{g
                reen}{$\sqrt{\frac{x^2}{2}}$}
You're in trouble here.  Try typing  <return>  to proceed.
If that doesn't work, type  X <return>  to quit.

Missing character: There is no g in font nullfont!
Missing character: There is no r in font nullfont!
Missing character: There is no e in font nullfont!
Missing character: There is no e in font nullfont!
Missing character: There is no n in font nullfont!

Overfull \hbox (40.83757pt too wide) in paragraph at lines 15--16
[]$[]$ 
 []


! LaTeX Error: Environment shaded undefined.

See the LaTeX manual or LaTeX Companion for explanation.
Type  H <return>  for immediate help.
 ...                                              
                                                  
l.17 \begin{shaded}
                   
Your command was ignored.
Type  I <command> <return>  to replace it with another command,
or  <return>  to continue without it.


! LaTeX Error: Missing \begin{document}.

See the LaTeX manual or LaTeX Companion for explanation.
Type  H <return>  for immediate help.
 ...                                              
                                                  
l.18 \textbf{Ejercicio: }
                         
You're in trouble here.  Try typing  <return>  to proceed.
If that doesn't work, type  X <return>  to quit.

Missing character: There is no P in font nullfont!
Missing character: There is no r in font nullfont!
Missing character: There is no o in font nullfont!
Missing character: There is no b in font nullfont!
Missing character: There is no a in font nullfont!
Missing character: There is no r in font nullfont!
Missing character: There is no u in font nullfont!
Missing character: There is no s in font nullfont!
Missing character: There is no a in font nullfont!
Missing character: There is no n in font nullfont!
Missing character: There is no d in font nullfont!
Missing character: There is no o in font nullfont!
Missing character: There is no e in font nullfont!
Missing character: There is no l in font nullfont!
Missing character: There is no p in font nullfont!
Missing character: There is no r in font nullfont!
Missing character: There is no i in font nullfont!
Missing character: There is no n in font nullfont!
Missing character: There is no c in font nullfont!
Missing character: There is no i in font nullfont!
Missing character: There is no p in font nullfont!
Missing character: There is no i in font nullfont!
Missing character: There is no o in font nullfont!
Missing character: There is no d in font nullfont!
Missing character: There is no e in font nullfont!
Missing character: There is no i in font nullfont!
Missing character: There is no n in font nullfont!
Missing character: There is no d in font nullfont!
Missing character: There is no u in font nullfont!
Missing character: There is no c in font nullfont!
Missing character: There is no c in font nullfont!
Missing character: There is no i in font nullfont!
LaTeX Font Info:    Try loading font information for +cmr on input line 19.
LaTeX Font Info:    No file cmr.fd. on input line 19.

LaTeX Font Warning: Font shape `/cmr/m/n' undefined
(Font)              using `/cmr/m/n' instead on input line 19.

! Corrupted NFSS tables.
wrong@fontshape ...message {Corrupted NFSS tables}
                                                  error@fontshape else let f...
l.19 Probar usando el principio de inducció
                                            n que 7 divide a $ 15^{n} + 7$ p...
This error message was generated by an \errmessage
command, so I can't give any explicit help.
Pretend that you're Hercule Poirot: Examine all clues,
and deduce the truth by order and method.


LaTeX Font Warning: Font shape `/cmr/m/n' undefined
(Font)              using `OT1/cmr/m/n' instead on input line 19.

Missing character: There is no n in font nullfont!
Missing character: There is no q in font nullfont!
Missing character: There is no u in font nullfont!
Missing character: There is no e in font nullfont!
Missing character: There is no 7 in font nullfont!
Missing character: There is no d in font nullfont!
Missing character: There is no i in font nullfont!
Missing character: There is no v in font nullfont!
Missing character: There is no i in font nullfont!
Missing character: There is no d in font nullfont!
Missing character: There is no e in font nullfont!
Missing character: There is no a in font nullfont!
Missing character: There is no p in font nullfont!
Missing character: There is no a in font nullfont!
Missing character: There is no r in font nullfont!
Missing character: There is no a in font nullfont!
Missing character: There is no t in font nullfont!
Missing character: There is no o in font nullfont!
Missing character: There is no d in font nullfont!
Missing character: There is no o in font nullfont!
! Undefined control sequence.
l.19 ...e a $ 15^{n} + 7$ para todo $n \in \mathbb
                                                   N $
The control sequence at the end of the top line
of your error message was never \def'ed. If you have
misspelled it (e.g., `\hobx'), type `I' and the correct
spelling (e.g., `I\hbox'). Otherwise just continue,
and I'll forget about whatever was undefined.


! LaTeX Error: \begin{document} ended by \end{shaded}.

See the LaTeX manual or LaTeX Companion for explanation.
Type  H <return>  for immediate help.
 ...                                              
                                                  
l.20 \end{shaded}
                 
Your command was ignored.
Type  I <command> <return>  to replace it with another command,
or  <return>  to continue without it.


Overfull \hbox (66.63171pt too wide) in paragraph at lines 18--21
[]\OT1/cmr/bx/n/10 Ejercicio:
 []


Overfull \hbox (10.00003pt too wide) in paragraph at lines 18--21
\/cmr/m/n/10 ^^So
 []


Overfull \hbox (23.22116pt too wide) in paragraph at lines 18--21
\/cmr/m/n/10 15[] +
 []


Overfull \hbox (5.00002pt too wide) in paragraph at lines 18--21
\/cmr/m/n/10 7$
 []


Overfull \hbox (15.44675pt too wide) in paragraph at lines 18--21
\OML/cmm/m/it/10 n \OMS/cmsy/m/n/10 2
 []


Overfull \hbox (9.12497pt too wide) in paragraph at lines 18--21
\OML/cmm/m/it/10 N$
 []


! LaTeX Error: Missing \begin{document}.

See the LaTeX manual or LaTeX Companion for explanation.
Type  H <return>  for immediate help.
 ...                                              
                                                  
l.22 A
      hora debemos hallar quiene son los $C_{i}$ osea las constantes $ C_{1}...

You're in trouble here.  Try typing  <return>  to proceed.
If that doesn't work, type  X <return>  to quit.

Missing character: There is no A in font nullfont!
Missing character: There is no h in font nullfont!
Missing character: There is no o in font nullfont!
Missing character: There is no r in font nullfont!
Missing character: There is no a in font nullfont!
Missing character: There is no d in font nullfont!
Missing character: There is no e in font nullfont!
Missing character: There is no b in font nullfont!
Missing character: There is no e in font nullfont!
Missing character: There is no m in font nullfont!
Missing character: There is no o in font nullfont!
Missing character: There is no s in font nullfont!
Missing character: There is no h in font nullfont!
Missing character: There is no a in font nullfont!
Missing character: There is no l in font nullfont!
Missing character: There is no l in font nullfont!
Missing character: There is no a in font nullfont!
Missing character: There is no r in font nullfont!
Missing character: There is no q in font nullfont!
Missing character: There is no u in font nullfont!
Missing character: There is no i in font nullfont!
Missing character: There is no e in font nullfont!
Missing character: There is no n in font nullfont!
Missing character: There is no e in font nullfont!
Missing character: There is no s in font nullfont!
Missing character: There is no o in font nullfont!
Missing character: There is no n in font nullfont!
Missing character: There is no l in font nullfont!
Missing character: There is no o in font nullfont!
Missing character: There is no s in font nullfont!
Missing character: There is no o in font nullfont!
Missing character: There is no s in font nullfont!
Missing character: There is no e in font nullfont!
Missing character: There is no a in font nullfont!
Missing character: There is no l in font nullfont!
Missing character: There is no a in font nullfont!
Missing character: There is no s in font nullfont!
Missing character: There is no c in font nullfont!
Missing character: There is no o in font nullfont!
Missing character: There is no n in font nullfont!
Missing character: There is no s in font nullfont!
Missing character: There is no t in font nullfont!
Missing character: There is no a in font nullfont!
Missing character: There is no n in font nullfont!
Missing character: There is no t in font nullfont!
Missing character: There is no e in font nullfont!
Missing character: There is no s in font nullfont!
Missing character: There is no d in font nullfont!
Missing character: There is no e in font nullfont!
Missing character: There is no l in font nullfont!
Missing character: There is no p in font nullfont!
Missing character: There is no o in font nullfont!
Missing character: There is no l in font nullfont!
Missing character: There is no i in font nullfont!
Missing character: There is no n in font nullfont!
Missing character: There is no o in font nullfont!
Missing character: There is no m in font nullfont!
Missing character: There is no i in font nullfont!
Missing character: There is no o in font nullfont!
Missing character: There is no d in font nullfont!
Missing character: There is no e in font nullfont!
Missing character: There is no t in font nullfont!
Missing character: There is no a in font nullfont!
Missing character: There is no y in font nullfont!
Missing character: There is no l in font nullfont!
Missing character: There is no o in font nullfont!
Missing character: There is no r in font nullfont!
Missing character: There is no P in font nullfont!
Missing character: There is no ( in font nullfont!
Missing character: There is no x in font nullfont!
Missing character: There is no ) in font nullfont!

Overfull \hbox (20.0pt too wide) in paragraph at lines 22--23
[]
 []


Overfull \hbox (10.4765pt too wide) in paragraph at lines 22--23
\OML/cmm/m/it/10 C[]$
 []


Overfull \hbox (62.52371pt too wide) in paragraph at lines 22--23
\OML/cmm/m/it/10 C[]; C[]; [] ; C[]$
 []

! Undefined control sequence.
l.24 \text
          {Si pedimos que: } \\
The control sequence at the end of the top line
of your error message was never \def'ed. If you have
misspelled it (e.g., `\hobx'), type `I' and the correct
spelling (e.g., `I\hbox'). Otherwise just continue,
and I'll forget about whatever was undefined.

! Undefined control sequence.
l.25 P(x_{0}=f(x_{0})) \ \text
                              {remplazando en el polinomio todos los } (x - ...
The control sequence at the end of the top line
of your error message was never \def'ed. If you have
misspelled it (e.g., `\hobx'), type `I' and the correct
spelling (e.g., `I\hbox'). Otherwise just continue,
and I'll forget about whatever was undefined.

! Undefined control sequence.
l.25 ...el polinomio todos los } (x - x_{0}) \text
                                                  { se anulan }
The control sequence at the end of the top line
of your error message was never \def'ed. If you have
misspelled it (e.g., `\hobx'), type `I' and the correct
spelling (e.g., `I\hbox'). Otherwise just continue,
and I'll forget about whatever was undefined.


Overfull \hbox (359.92471pt too wide) detected at line 26
[][] \OML/cmm/m/it/10 P\/cmr/m/n/10 (\OML/cmm/m/it/10 x[] \/cmr/m/n/10 = \OML/c
mm/m/it/10 f\/cmr/m/n/10 (\OML/cmm/m/it/10 x[]\/cmr/m/n/10 )) [](\OML/cmm/m/it/
10 x \OMS/cmsy/m/n/10 ^^@ \OML/cmm/m/it/10 x[]\/cmr/m/n/10 )[]
 []


! LaTeX Error: Environment equation* undefined.

See the LaTeX manual or LaTeX Companion for explanation.
Type  H <return>  for immediate help.
 ...                                              
                                                  
l.28 \begin{equation*}
                      
Your command was ignored.
Type  I <command> <return>  to replace it with another command,
or  <return>  to continue without it.


! LaTeX Error: Environment split undefined.

See the LaTeX manual or LaTeX Companion for explanation.
Type  H <return>  for immediate help.
 ...                                              
                                                  
l.29 \begin{split}
                  
Your command was ignored.
Type  I <command> <return>  to replace it with another command,
or  <return>  to continue without it.


! LaTeX Error: Missing \begin{document}.

See the LaTeX manual or LaTeX Companion for explanation.
Type  H <return>  for immediate help.
 ...                                              
                                                  
l.30  P
       (x_{0}) &= C_{0} + C_{1} \cdot (x_{0} - x_{0})^{1}+C_{2} \cdot (x_{0}...

You're in trouble here.  Try typing  <return>  to proceed.
If that doesn't work, type  X <return>  to quit.

Missing character: There is no P in font nullfont!
Missing character: There is no ( in font nullfont!
Missing character: There is no x in font nullfont!
! Missing $ inserted.
<inserted text> 
                $
l.30  P(x_
          {0}) &= C_{0} + C_{1} \cdot (x_{0} - x_{0})^{1}+C_{2} \cdot (x_{0}...
I've inserted a begin-math/end-math symbol since I think
you left one out. Proceed, with fingers crossed.

! Misplaced alignment tab character &.
l.30  P(x_{0}) &
                = C_{0} + C_{1} \cdot (x_{0} - x_{0})^{1}+C_{2} \cdot (x_{0}...
I can't figure out why you would want to use a tab mark
here. If you just want an ampersand, the remedy is
simple: Just type `I\&' now. But if some right brace
up above has ended a previous alignment prematurely,
you're probably due for more error messages, and you
might try typing `S' now just to see what is salvageable.

! Misplaced alignment tab character &.
l.31  P(x_{0}) &
                = C_{0} \\ \\
I can't figure out why you would want to use a tab mark
here. If you just want an ampersand, the remedy is
simple: Just type `I\&' now. But if some right brace
up above has ended a previous alignment prematurely,
you're probably due for more error messages, and you
might try typing `S' now just to see what is salvageable.

! Misplaced alignment tab character &.
l.32 Si \ pedimos \ que \ P'(x_{0}) &
                                     = f'(x_{0}) \text{ debemos derivar el p...
I can't figure out why you would want to use a tab mark
here. If you just want an ampersand, the remedy is
simple: Just type `I\&' now. But if some right brace
up above has ended a previous alignment prematurely,
you're probably due for more error messages, and you
might try typing `S' now just to see what is salvageable.

! Undefined control sequence.
l.32 ...dimos \ que \ P'(x_{0}) &= f'(x_{0}) \text
                                                  { debemos derivar el polin...
The control sequence at the end of the top line
of your error message was never \def'ed. If you have
misspelled it (e.g., `\hobx'), type `I' and the correct
spelling (e.g., `I\hbox'). Otherwise just continue,
and I'll forget about whatever was undefined.

! Misplaced alignment tab character &.
l.33 P'(x_{0}) &
                = ( C_{0} + C_{1} \cdot (x_{0} - x_{0})^{1}+C_{2} \cdot (x_{...
I can't figure out why you would want to use a tab mark
here. If you just want an ampersand, the remedy is
simple: Just type `I\&' now. But if some right brace
up above has ended a previous alignment prematurely,
you're probably due for more error messages, and you
might try typing `S' now just to see what is salvageable.

! Misplaced alignment tab character &.
l.34 P'(x_{0}) &
                = 0 + \quad C_{1} \quad + \quad  \quad  C_{2} \cdot 2 \cdot ...
I can't figure out why you would want to use a tab mark
here. If you just want an ampersand, the remedy is
simple: Just type `I\&' now. But if some right brace
up above has ended a previous alignment prematurely,
you're probably due for more error messages, and you
might try typing `S' now just to see what is salvageable.

! Misplaced alignment tab character &.
l.35 evaluando \ en \ x_{0} \quad P'(x_{0})  &
                                              = C_{1} \quad pero \quad \unde...
I can't figure out why you would want to use a tab mark
here. If you just want an ampersand, the remedy is
simple: Just type `I\&' now. But if some right brace
up above has ended a previous alignment prematurely,
you're probably due for more error messages, and you
might try typing `S' now just to see what is salvageable.

! Undefined control sequence.
l.35 ...ce{ P'(x_{0})  = f'(x_{0}) = C_{1}}_{\text
                                                  {hallamos a } C_{1}} \\
The control sequence at the end of the top line
of your error message was never \def'ed. If you have
misspelled it (e.g., `\hobx'), type `I' and the correct
spelling (e.g., `I\hbox'). Otherwise just continue,
and I'll forget about whatever was undefined.

! Misplaced alignment tab character &.
l.37 Si \ pedimos \ que \ P''(x_{0}) &
                                      = f''(x_{0}) \text{ debemos derivar nu...
I can't figure out why you would want to use a tab mark
here. If you just want an ampersand, the remedy is
simple: Just type `I\&' now. But if some right brace
up above has ended a previous alignment prematurely,
you're probably due for more error messages, and you
might try typing `S' now just to see what is salvageable.

! Undefined control sequence.
l.37 ...mos \ que \ P''(x_{0}) &= f''(x_{0}) \text
                                                  { debemos derivar nuevamen...
The control sequence at the end of the top line
of your error message was never \def'ed. If you have
misspelled it (e.g., `\hobx'), type `I' and the correct
spelling (e.g., `I\hbox'). Otherwise just continue,
and I'll forget about whatever was undefined.

! Misplaced alignment tab character &.
l.38 P''(x_{0}) &
                 = ( C_{0} + C_{1} \cdot (x_{0} - x_{0})^{1}+C_{2} \cdot (x_...
I can't figure out why you would want to use a tab mark
here. If you just want an ampersand, the remedy is
simple: Just type `I\&' now. But if some right brace
up above has ended a previous alignment prematurely,
you're probably due for more error messages, and you
might try typing `S' now just to see what is salvageable.

! Misplaced alignment tab character &.
l.39 P''(x_{0}) &
                 = 0 + \quad 0 \quad + \quad  \quad  C_{2} \cdot 2 \quad + \...
I can't figure out why you would want to use a tab mark
here. If you just want an ampersand, the remedy is
simple: Just type `I\&' now. But if some right brace
up above has ended a previous alignment prematurely,
you're probably due for more error messages, and you
might try typing `S' now just to see what is salvageable.

! Misplaced alignment tab character &.
l.40 evaluando \ en \ x_{0} \quad P''(x_{0})  &
                                               = 2.C_{2} \quad pero \quad \u...
I can't figure out why you would want to use a tab mark
here. If you just want an ampersand, the remedy is
simple: Just type `I\&' now. But if some right brace
up above has ended a previous alignment prematurely,
you're probably due for more error messages, and you
might try typing `S' now just to see what is salvageable.

! Undefined control sequence.
l.40 ...{0})  = f''(x_{0}) = 2 \cdot C_{2}}_{\text
                                                  {hallamos a } C_{2}} \\
The control sequence at the end of the top line
of your error message was never \def'ed. If you have
misspelled it (e.g., `\hobx'), type `I' and the correct
spelling (e.g., `I\hbox'). Otherwise just continue,
and I'll forget about whatever was undefined.

! Misplaced alignment tab character &.
l.41 despejando \ C_{2} &
                         = \dfrac{f''(x_{0})}{2} \\ \\
I can't figure out why you would want to use a tab mark
here. If you just want an ampersand, the remedy is
simple: Just type `I\&' now. But if some right brace
up above has ended a previous alignment prematurely,
you're probably due for more error messages, and you
might try typing `S' now just to see what is salvageable.

! Undefined control sequence.
l.41 despejando \ C_{2} &= \dfrac
                                 {f''(x_{0})}{2} \\ \\
The control sequence at the end of the top line
of your error message was never \def'ed. If you have
misspelled it (e.g., `\hobx'), type `I' and the correct
spelling (e.g., `I\hbox'). Otherwise just continue,
and I'll forget about whatever was undefined.


! LaTeX Error: \begin{document} ended by \end{split}.

See the LaTeX manual or LaTeX Companion for explanation.
Type  H <return>  for immediate help.
 ...                                              
                                                  
l.42 \end{split}
                
Your command was ignored.
Type  I <command> <return>  to replace it with another command,
or  <return>  to continue without it.

! Missing $ inserted.
<inserted text> 
                $
l.42 \end{split}
                
I've inserted something that you may have forgotten.
(See the <inserted text> above.)
With luck, this will get me unwedged. But if you
really didn't forget anything, try typing `2' now; then
my insertion and my current dilemma will both disappear.


! LaTeX Error: \begin{document} ended by \end{equation*}.

See the LaTeX manual or LaTeX Companion for explanation.
Type  H <return>  for immediate help.
 ...                                              
                                                  
l.43 \end{equation*}
                    
Your command was ignored.
Type  I <command> <return>  to replace it with another command,
or  <return>  to continue without it.


Overfull \hbox (38.93054pt too wide) in paragraph at lines 30--44
[]$[]\/cmr/m/n/10 ) =
 []


Overfull \hbox (19.41115pt too wide) in paragraph at lines 30--44
\OML/cmm/m/it/10 C[] \/cmr/m/n/10 +
 []


Overfull \hbox (14.41113pt too wide) in paragraph at lines 30--44
\OML/cmm/m/it/10 C[] \OMS/cmsy/m/n/10 ^^A
 []


Overfull \hbox (21.8681pt too wide) in paragraph at lines 30--44
\/cmr/m/n/10 (\OML/cmm/m/it/10 x[] \OMS/cmsy/m/n/10 ^^@
 []


Overfull \hbox (26.35423pt too wide) in paragraph at lines 30--44
\OML/cmm/m/it/10 x[]\/cmr/m/n/10 )[] +
 []


Overfull \hbox (14.41113pt too wide) in paragraph at lines 30--44
\OML/cmm/m/it/10 C[] \OMS/cmsy/m/n/10 ^^A
 []


Overfull \hbox (21.8681pt too wide) in paragraph at lines 30--44
\/cmr/m/n/10 (\OML/cmm/m/it/10 x[] \OMS/cmsy/m/n/10 ^^@
 []


Overfull \hbox (26.35423pt too wide) in paragraph at lines 30--44
\OML/cmm/m/it/10 x[]\/cmr/m/n/10 )[] +
 []


Overfull \hbox (19.44441pt too wide) in paragraph at lines 30--44
[] \/cmr/m/n/10 +
 []


Overfull \hbox (15.36833pt too wide) in paragraph at lines 30--44
\OML/cmm/m/it/10 C[] \OMS/cmsy/m/n/10 ^^A
 []


Overfull \hbox (21.8681pt too wide) in paragraph at lines 30--44
\/cmr/m/n/10 (\OML/cmm/m/it/10 x[] \OMS/cmsy/m/n/10 ^^@
 []


Overfull \hbox (30.08914pt too wide) in paragraph at lines 30--44
\OML/cmm/m/it/10 x[]\/cmr/m/n/10 )[] =
 []


Overfull \hbox (11.63335pt too wide) in paragraph at lines 30--44
\OML/cmm/m/it/10 C[][] 
 []


Overfull \hbox (36.34375pt too wide) in paragraph at lines 30--44
\OML/cmm/m/it/10 P\/cmr/m/n/10 (\OML/cmm/m/it/10 x[]\/cmr/m/n/10 ) =
 []


Overfull \hbox (11.63335pt too wide) in paragraph at lines 30--44
\OML/cmm/m/it/10 C[][] 
 []


Overfull \hbox (101.15887pt too wide) in paragraph at lines 30--44
\OML/cmm/m/it/10 Si pedimos que P[]\/cmr/m/n/10 (\OML/cmm/m/it/10 x[]\/cmr/m/n/
10 ) =
 []


Overfull \hbox (199.57043pt too wide) in paragraph at lines 30--44
\OML/cmm/m/it/10 f[]\/cmr/m/n/10 (\OML/cmm/m/it/10 x[]\/cmr/m/n/10 )[][] 
 []


Overfull \hbox (39.1493pt too wide) in paragraph at lines 30--44
\OML/cmm/m/it/10 P[]\/cmr/m/n/10 (\OML/cmm/m/it/10 x[]\/cmr/m/n/10 ) =
 []


Overfull \hbox (23.30005pt too wide) in paragraph at lines 30--44
\/cmr/m/n/10 (\OML/cmm/m/it/10 C[] \/cmr/m/n/10 +
 []


Overfull \hbox (14.41113pt too wide) in paragraph at lines 30--44
\OML/cmm/m/it/10 C[] \OMS/cmsy/m/n/10 ^^A
 []


Overfull \hbox (21.8681pt too wide) in paragraph at lines 30--44
\/cmr/m/n/10 (\OML/cmm/m/it/10 x[] \OMS/cmsy/m/n/10 ^^@
 []


Overfull \hbox (26.35423pt too wide) in paragraph at lines 30--44
\OML/cmm/m/it/10 x[]\/cmr/m/n/10 )[] +
 []


Overfull \hbox (14.41113pt too wide) in paragraph at lines 30--44
\OML/cmm/m/it/10 C[] \OMS/cmsy/m/n/10 ^^A
 []


Overfull \hbox (21.8681pt too wide) in paragraph at lines 30--44
\/cmr/m/n/10 (\OML/cmm/m/it/10 x[] \OMS/cmsy/m/n/10 ^^@
 []


Overfull \hbox (26.35423pt too wide) in paragraph at lines 30--44
\OML/cmm/m/it/10 x[]\/cmr/m/n/10 )[] +
 []


Overfull \hbox (19.44441pt too wide) in paragraph at lines 30--44
[] \/cmr/m/n/10 +
 []


Overfull \hbox (15.36833pt too wide) in paragraph at lines 30--44
\OML/cmm/m/it/10 C[] \OMS/cmsy/m/n/10 ^^A
 []


Overfull \hbox (21.8681pt too wide) in paragraph at lines 30--44
\/cmr/m/n/10 (\OML/cmm/m/it/10 x[] \OMS/cmsy/m/n/10 ^^@
 []


Overfull \hbox (26.22809pt too wide) in paragraph at lines 30--44
\OML/cmm/m/it/10 x[]\/cmr/m/n/10 )[])[][] 
 []


Overfull \hbox (39.1493pt too wide) in paragraph at lines 30--44
\OML/cmm/m/it/10 P[]\/cmr/m/n/10 (\OML/cmm/m/it/10 x[]\/cmr/m/n/10 ) =
 []


Overfull \hbox (12.77782pt too wide) in paragraph at lines 30--44
\/cmr/m/n/10 0 +
 []


Overfull \hbox (19.41115pt too wide) in paragraph at lines 30--44
\OML/cmm/m/it/10 C[]  \/cmr/m/n/10 +
 []


Overfull \hbox (14.41113pt too wide) in paragraph at lines 30--44
\OML/cmm/m/it/10 C[] \OMS/cmsy/m/n/10 ^^A
 []


Overfull \hbox (7.7778pt too wide) in paragraph at lines 30--44
\/cmr/m/n/10 2 \OMS/cmsy/m/n/10 ^^A
 []


Overfull \hbox (17.38197pt too wide) in paragraph at lines 30--44
\/cmr/m/n/10 (\OML/cmm/m/it/10 x \OMS/cmsy/m/n/10 ^^@
 []


Overfull \hbox (26.35423pt too wide) in paragraph at lines 30--44
\OML/cmm/m/it/10 x[]\/cmr/m/n/10 )[] +
 []


Overfull \hbox (19.44441pt too wide) in paragraph at lines 30--44
[]  \/cmr/m/n/10 +
 []


Overfull \hbox (15.36833pt too wide) in paragraph at lines 30--44
\OML/cmm/m/it/10 C[] \OMS/cmsy/m/n/10 ^^A
 []


Overfull \hbox (8.78014pt too wide) in paragraph at lines 30--44
\OML/cmm/m/it/10 n \OMS/cmsy/m/n/10 ^^A
 []


Overfull \hbox (17.38197pt too wide) in paragraph at lines 30--44
\/cmr/m/n/10 (\OML/cmm/m/it/10 x \OMS/cmsy/m/n/10 ^^@
 []


Overfull \hbox (29.76978pt too wide) in paragraph at lines 30--44
\OML/cmm/m/it/10 x[]\/cmr/m/n/10 )[][] 
 []


Overfull \hbox (105.40297pt too wide) in paragraph at lines 30--44
\OML/cmm/m/it/10 evaluando en x[] P[]\/cmr/m/n/10 (\OML/cmm/m/it/10 x[]\/cmr/m/
n/10 ) =
 []


Overfull \hbox (127.94131pt too wide) in paragraph at lines 30--44
\OML/cmm/m/it/10 C[] pero  [] [] 
 []


Overfull \hbox (103.46443pt too wide) in paragraph at lines 30--44
\OML/cmm/m/it/10 Si pedimos que P[]\/cmr/m/n/10 (\OML/cmm/m/it/10 x[]\/cmr/m/n/
10 ) =
 []


Overfull \hbox (256.45721pt too wide) in paragraph at lines 30--44
\OML/cmm/m/it/10 f[]\/cmr/m/n/10 (\OML/cmm/m/it/10 x[]\/cmr/m/n/10 )[][] 
 []


Overfull \hbox (41.45486pt too wide) in paragraph at lines 30--44
\OML/cmm/m/it/10 P[]\/cmr/m/n/10 (\OML/cmm/m/it/10 x[]\/cmr/m/n/10 ) =
 []


Overfull \hbox (23.30005pt too wide) in paragraph at lines 30--44
\/cmr/m/n/10 (\OML/cmm/m/it/10 C[] \/cmr/m/n/10 +
 []


Overfull \hbox (14.41113pt too wide) in paragraph at lines 30--44
\OML/cmm/m/it/10 C[] \OMS/cmsy/m/n/10 ^^A
 []


Overfull \hbox (21.8681pt too wide) in paragraph at lines 30--44
\/cmr/m/n/10 (\OML/cmm/m/it/10 x[] \OMS/cmsy/m/n/10 ^^@
 []


Overfull \hbox (26.35423pt too wide) in paragraph at lines 30--44
\OML/cmm/m/it/10 x[]\/cmr/m/n/10 )[] +
 []


Overfull \hbox (14.41113pt too wide) in paragraph at lines 30--44
\OML/cmm/m/it/10 C[] \OMS/cmsy/m/n/10 ^^A
 []


Overfull \hbox (21.8681pt too wide) in paragraph at lines 30--44
\/cmr/m/n/10 (\OML/cmm/m/it/10 x[] \OMS/cmsy/m/n/10 ^^@
 []


Overfull \hbox (26.35423pt too wide) in paragraph at lines 30--44
\OML/cmm/m/it/10 x[]\/cmr/m/n/10 )[] +
 []


Overfull \hbox (19.44441pt too wide) in paragraph at lines 30--44
[] \/cmr/m/n/10 +
 []


Overfull \hbox (15.36833pt too wide) in paragraph at lines 30--44
\OML/cmm/m/it/10 C[] \OMS/cmsy/m/n/10 ^^A
 []


Overfull \hbox (21.8681pt too wide) in paragraph at lines 30--44
\/cmr/m/n/10 (\OML/cmm/m/it/10 x[] \OMS/cmsy/m/n/10 ^^@
 []


Overfull \hbox (28.53365pt too wide) in paragraph at lines 30--44
\OML/cmm/m/it/10 x[]\/cmr/m/n/10 )[])[][] 
 []


Overfull \hbox (41.45486pt too wide) in paragraph at lines 30--44
\OML/cmm/m/it/10 P[]\/cmr/m/n/10 (\OML/cmm/m/it/10 x[]\/cmr/m/n/10 ) =
 []


Overfull \hbox (12.77782pt too wide) in paragraph at lines 30--44
\/cmr/m/n/10 0 +
 []


Overfull \hbox (12.77782pt too wide) in paragraph at lines 30--44
\/cmr/m/n/10 0  +
 []


Overfull \hbox (14.41113pt too wide) in paragraph at lines 30--44
\OML/cmm/m/it/10 C[] \OMS/cmsy/m/n/10 ^^A
 []


Overfull \hbox (12.77782pt too wide) in paragraph at lines 30--44
\/cmr/m/n/10 2  +
 []


Overfull \hbox (19.44441pt too wide) in paragraph at lines 30--44
[]  \/cmr/m/n/10 +
 []


Overfull \hbox (15.36833pt too wide) in paragraph at lines 30--44
\OML/cmm/m/it/10 C[] \OMS/cmsy/m/n/10 ^^A
 []


Overfull \hbox (26.44919pt too wide) in paragraph at lines 30--44
\OML/cmm/m/it/10 n:\/cmr/m/n/10 (\OML/cmm/m/it/10 n \OMS/cmsy/m/n/10 ^^@
 []


Overfull \hbox (11.6667pt too wide) in paragraph at lines 30--44
\/cmr/m/n/10 1) \OMS/cmsy/m/n/10 ^^A
 []


Overfull \hbox (17.38197pt too wide) in paragraph at lines 30--44
\/cmr/m/n/10 (\OML/cmm/m/it/10 x \OMS/cmsy/m/n/10 ^^@
 []


Overfull \hbox (29.76978pt too wide) in paragraph at lines 30--44
\OML/cmm/m/it/10 x[]\/cmr/m/n/10 )[][] 
 []


Overfull \hbox (107.70853pt too wide) in paragraph at lines 30--44
\OML/cmm/m/it/10 evaluando en x[] P[]\/cmr/m/n/10 (\OML/cmm/m/it/10 x[]\/cmr/m/
n/10 ) =
 []


Overfull \hbox (152.55237pt too wide) in paragraph at lines 30--44
\/cmr/m/n/10 2\OML/cmm/m/it/10 :C[] pero  [] [] 
 []


Overfull \hbox (72.45583pt too wide) in paragraph at lines 30--44
\OML/cmm/m/it/10 despejando C[] \/cmr/m/n/10 =
 []


Overfull \hbox (34.06259pt too wide) in paragraph at lines 30--44
[]\/cmr/m/n/10 2[] 
 []


! LaTeX Error: Missing \begin{document}.

See the LaTeX manual or LaTeX Companion for explanation.
Type  H <return>  for immediate help.
 ...                                              
                                                  
l.45 S
      i seguimos este procedimiento podemos ver que los terminos
You're in trouble here.  Try typing  <return>  to proceed.
If that doesn't work, type  X <return>  to quit.

Missing character: There is no S in font nullfont!
Missing character: There is no i in font nullfont!
Missing character: There is no s in font nullfont!
Missing character: There is no e in font nullfont!
Missing character: There is no g in font nullfont!
Missing character: There is no u in font nullfont!
Missing character: There is no i in font nullfont!
Missing character: There is no m in font nullfont!
Missing character: There is no o in font nullfont!
Missing character: There is no s in font nullfont!
Missing character: There is no e in font nullfont!
Missing character: There is no s in font nullfont!
Missing character: There is no t in font nullfont!
Missing character: There is no e in font nullfont!
Missing character: There is no p in font nullfont!
Missing character: There is no r in font nullfont!
Missing character: There is no o in font nullfont!
Missing character: There is no c in font nullfont!
Missing character: There is no e in font nullfont!
Missing character: There is no d in font nullfont!
Missing character: There is no i in font nullfont!
Missing character: There is no m in font nullfont!
Missing character: There is no i in font nullfont!
Missing character: There is no e in font nullfont!
Missing character: There is no n in font nullfont!
Missing character: There is no t in font nullfont!
Missing character: There is no o in font nullfont!
Missing character: There is no p in font nullfont!
Missing character: There is no o in font nullfont!
Missing character: There is no d in font nullfont!
Missing character: There is no e in font nullfont!
Missing character: There is no m in font nullfont!
Missing character: There is no o in font nullfont!
Missing character: There is no s in font nullfont!
Missing character: There is no v in font nullfont!
Missing character: There is no e in font nullfont!
Missing character: There is no r in font nullfont!
Missing character: There is no q in font nullfont!
Missing character: There is no u in font nullfont!
Missing character: There is no e in font nullfont!
Missing character: There is no l in font nullfont!
Missing character: There is no o in font nullfont!
Missing character: There is no s in font nullfont!
Missing character: There is no t in font nullfont!
Missing character: There is no e in font nullfont!
Missing character: There is no r in font nullfont!
Missing character: There is no m in font nullfont!
Missing character: There is no i in font nullfont!
Missing character: There is no n in font nullfont!
Missing character: There is no o in font nullfont!
Missing character: There is no s in font nullfont!

! LaTeX Error: Environment equation* undefined.

See the LaTeX manual or LaTeX Companion for explanation.
Type  H <return>  for immediate help.
 ...                                              
                                                  
l.46 \begin{equation*}
                      
Your command was ignored.
Type  I <command> <return>  to replace it with another command,
or  <return>  to continue without it.


! LaTeX Error: Environment split undefined.

See the LaTeX manual or LaTeX Companion for explanation.
Type  H <return>  for immediate help.
 ...                                              
                                                  
l.47 \begin{split}
                  
Your command was ignored.
Type  I <command> <return>  to replace it with another command,
or  <return>  to continue without it.

Missing character: There is no C in font nullfont!
! Missing $ inserted.
<inserted text> 
                $
l.48  C_
        {0} &= f(x_{0})  \\
I've inserted a begin-math/end-math symbol since I think
you left one out. Proceed, with fingers crossed.

! Misplaced alignment tab character &.
l.48  C_{0} &
             = f(x_{0})  \\
I can't figure out why you would want to use a tab mark
here. If you just want an ampersand, the remedy is
simple: Just type `I\&' now. But if some right brace
up above has ended a previous alignment prematurely,
you're probably due for more error messages, and you
might try typing `S' now just to see what is salvageable.

! Misplaced alignment tab character &.
l.49  C_{1} &
             = f'(x_{0})  \\
I can't figure out why you would want to use a tab mark
here. If you just want an ampersand, the remedy is
simple: Just type `I\&' now. But if some right brace
up above has ended a previous alignment prematurely,
you're probably due for more error messages, and you
might try typing `S' now just to see what is salvageable.

! Misplaced alignment tab character &.
l.50  C_{2} &
             =    \dfrac{f''(x_{0})}{2} \\ \\
I can't figure out why you would want to use a tab mark
here. If you just want an ampersand, the remedy is
simple: Just type `I\&' now. But if some right brace
up above has ended a previous alignment prematurely,
you're probably due for more error messages, and you
might try typing `S' now just to see what is salvageable.

! Undefined control sequence.
l.50  C_{2} &=    \dfrac
                        {f''(x_{0})}{2} \\ \\
The control sequence at the end of the top line
of your error message was never \def'ed. If you have
misspelled it (e.g., `\hobx'), type `I' and the correct
spelling (e.g., `I\hbox'). Otherwise just continue,
and I'll forget about whatever was undefined.

! Misplaced alignment tab character &.
l.51  C_{3} &
             =    \dfrac{f'''(x_{0})}{3!} \\ \\
I can't figure out why you would want to use a tab mark
here. If you just want an ampersand, the remedy is
simple: Just type `I\&' now. But if some right brace
up above has ended a previous alignment prematurely,
you're probably due for more error messages, and you
might try typing `S' now just to see what is salvageable.

! Undefined control sequence.
l.51  C_{3} &=    \dfrac
                        {f'''(x_{0})}{3!} \\ \\
The control sequence at the end of the top line
of your error message was never \def'ed. If you have
misspelled it (e.g., `\hobx'), type `I' and the correct
spelling (e.g., `I\hbox'). Otherwise just continue,
and I'll forget about whatever was undefined.

! Misplaced alignment tab character &.
l.52  C_{4} &
             =    \dfrac{f''''(x_{0})}{4!} 	\cdots \cdots \cdots \cdots C_{n...
I can't figure out why you would want to use a tab mark
here. If you just want an ampersand, the remedy is
simple: Just type `I\&' now. But if some right brace
up above has ended a previous alignment prematurely,
you're probably due for more error messages, and you
might try typing `S' now just to see what is salvageable.

! Undefined control sequence.
l.52  C_{4} &=    \dfrac
                        {f''''(x_{0})}{4!} 	\cdots \cdots \cdots \cdots C_{n...
The control sequence at the end of the top line
of your error message was never \def'ed. If you have
misspelled it (e.g., `\hobx'), type `I' and the correct
spelling (e.g., `I\hbox'). Otherwise just continue,
and I'll forget about whatever was undefined.

! Undefined control sequence.
l.52 ...ots \cdots \cdots \cdots C_{n} =    \dfrac
                                                  {f^{n}(x_{0})}{n!}
The control sequence at the end of the top line
of your error message was never \def'ed. If you have
misspelled it (e.g., `\hobx'), type `I' and the correct
spelling (e.g., `I\hbox'). Otherwise just continue,
and I'll forget about whatever was undefined.


! LaTeX Error: \begin{document} ended by \end{split}.

See the LaTeX manual or LaTeX Companion for explanation.
Type  H <return>  for immediate help.
 ...                                              
                                                  
l.53 \end{split}
                
Your command was ignored.
Type  I <command> <return>  to replace it with another command,
or  <return>  to continue without it.

! Missing $ inserted.
<inserted text> 
                $
l.53 \end{split}
                
I've inserted something that you may have forgotten.
(See the <inserted text> above.)
With luck, this will get me unwedged. But if you
really didn't forget anything, try typing `2' now; then
my insertion and my current dilemma will both disappear.


! LaTeX Error: \begin{document} ended by \end{equation*}.

See the LaTeX manual or LaTeX Companion for explanation.
Type  H <return>  for immediate help.
 ...                                              
                                                  
l.54 \end{equation*}
                    
Your command was ignored.
Type  I <command> <return>  to replace it with another command,
or  <return>  to continue without it.

Missing character: There is no A in font nullfont!
Missing character: There is no s in font nullfont!
Missing character: There is no i in font nullfont!
Missing character: There is no l in font nullfont!
Missing character: There is no l in font nullfont!
Missing character: There is no e in font nullfont!
Missing character: There is no g in font nullfont!
Missing character: There is no a in font nullfont!
Missing character: There is no m in font nullfont!
Missing character: There is no o in font nullfont!
Missing character: There is no s in font nullfont!
Missing character: There is no a in font nullfont!
Missing character: There is no l in font nullfont!
Missing character: There is no a in font nullfont!
Missing character: There is no f in font nullfont!
Missing character: There is no o in font nullfont!
Missing character: There is no r in font nullfont!
Missing character: There is no m in font nullfont!
Missing character: There is no u in font nullfont!
Missing character: There is no l in font nullfont!
Missing character: There is no a in font nullfont!
Missing character: There is no g in font nullfont!
Missing character: There is no e in font nullfont!
Missing character: There is no n in font nullfont!
Missing character: There is no e in font nullfont!
Missing character: There is no r in font nullfont!
Missing character: There is no a in font nullfont!
Missing character: There is no l in font nullfont!

Overfull \hbox (20.0pt too wide) in paragraph at lines 45--56
[]
 []


Overfull \hbox (15.04164pt too wide) in paragraph at lines 45--56
[] \/cmr/m/n/10 =
 []


Overfull \hbox (23.95146pt too wide) in paragraph at lines 45--56
\OML/cmm/m/it/10 f\/cmr/m/n/10 (\OML/cmm/m/it/10 x[]\/cmr/m/n/10 )[] 
 []


Overfull \hbox (22.18886pt too wide) in paragraph at lines 45--56
\OML/cmm/m/it/10 C[] \/cmr/m/n/10 =
 []


Overfull \hbox (26.75702pt too wide) in paragraph at lines 45--56
\OML/cmm/m/it/10 f[]\/cmr/m/n/10 (\OML/cmm/m/it/10 x[]\/cmr/m/n/10 )[] 
 []


Overfull \hbox (22.18886pt too wide) in paragraph at lines 45--56
\OML/cmm/m/it/10 C[] \/cmr/m/n/10 =
 []


Overfull \hbox (34.06259pt too wide) in paragraph at lines 45--56
[]\/cmr/m/n/10 2[] 
 []


Overfull \hbox (22.18886pt too wide) in paragraph at lines 45--56
\OML/cmm/m/it/10 C[] \/cmr/m/n/10 =
 []


Overfull \hbox (39.14594pt too wide) in paragraph at lines 45--56
[][][] 
 []


Overfull \hbox (22.18886pt too wide) in paragraph at lines 45--56
\OML/cmm/m/it/10 C[] \/cmr/m/n/10 =
 []


Overfull \hbox (119.59712pt too wide) in paragraph at lines 45--56
[][] [] [] [] [] \OML/cmm/m/it/10 C[] \/cmr/m/n/10 =
 []


Overfull \hbox (38.17493pt too wide) in paragraph at lines 45--56
[][]$
 []

! Undefined control sequence.
l.57 ... =  \quad \displaystyle\sum_{i=0}^n \dfrac
                                                  {f^{i}(x_{0})}{i!} \cdot (...
The control sequence at the end of the top line
of your error message was never \def'ed. If you have
misspelled it (e.g., `\hobx'), type `I' and the correct
spelling (e.g., `I\hbox'). Otherwise just continue,
and I'll forget about whatever was undefined.


Overfull \hbox (203.38403pt too wide) detected at line 58
\OML/cmm/m/it/10 P[]\/cmr/m/n/10 (\OML/cmm/m/it/10 x\/cmr/m/n/10 )  =  [] \OML/
cmm/m/it/10 C[] \OMS/cmsy/m/n/10 ^^A \/cmr/m/n/10 (\OML/cmm/m/it/10 x \OMS/cmsy
/m/n/10 ^^@ \OML/cmm/m/it/10 x[]\/cmr/m/n/10 )[]  =  [] [][] \OMS/cmsy/m/n/10 ^
^A \/cmr/m/n/10 (\OML/cmm/m/it/10 x \OMS/cmsy/m/n/10 ^^@ \OML/cmm/m/it/10 x[]\/
cmr/m/n/10 )[]
 []

Missing character: There is no H in font nullfont!
Missing character: There is no a in font nullfont!
Missing character: There is no l in font nullfont!
Missing character: There is no l in font nullfont!
Missing character: There is no a in font nullfont!
Missing character: There is no r in font nullfont!
Missing character: There is no e in font nullfont!
Missing character: There is no l in font nullfont!
Missing character: There is no p in font nullfont!
Missing character: There is no o in font nullfont!
Missing character: There is no l in font nullfont!
Missing character: There is no i in font nullfont!
Missing character: There is no n in font nullfont!
Missing character: There is no o in font nullfont!
Missing character: There is no m in font nullfont!
Missing character: There is no i in font nullfont!
Missing character: There is no o in font nullfont!
Missing character: There is no d in font nullfont!
Missing character: There is no e in font nullfont!
Missing character: There is no t in font nullfont!
Missing character: There is no a in font nullfont!
Missing character: There is no y in font nullfont!
Missing character: There is no l in font nullfont!
Missing character: There is no o in font nullfont!
Missing character: There is no r in font nullfont!
Missing character: There is no g in font nullfont!
Missing character: There is no r in font nullfont!
Missing character: There is no a in font nullfont!
Missing character: There is no d in font nullfont!
Missing character: There is no o in font nullfont!
Missing character: There is no 4 in font nullfont!
Missing character: There is no d in font nullfont!
Missing character: There is no e in font nullfont!
Missing character: There is no e in font nullfont!
Missing character: There is no n in font nullfont!
Missing character: There is no e in font nullfont!
Missing character: There is no l in font nullfont!
Missing character: There is no o in font nullfont!
Missing character: There is no r in font nullfont!
Missing character: There is no i in font nullfont!
Missing character: There is no g in font nullfont!
Missing character: There is no e in font nullfont!
Missing character: There is no n in font nullfont!
Missing character: There is no L in font nullfont!
Missing character: There is no o in font nullfont!
Missing character: There is no s in font nullfont!
Missing character: There is no d in font nullfont!
Missing character: There is no a in font nullfont!
Missing character: There is no t in font nullfont!
Missing character: There is no o in font nullfont!
Missing character: There is no s in font nullfont!
Missing character: There is no q in font nullfont!
Missing character: There is no u in font nullfont!
Missing character: There is no e in font nullfont!
Missing character: There is no t in font nullfont!
Missing character: There is no e in font nullfont!
Missing character: There is no n in font nullfont!
Missing character: There is no g in font nullfont!
Missing character: There is no o in font nullfont!
Missing character: There is no s in font nullfont!
Missing character: There is no o in font nullfont!
Missing character: There is no n in font nullfont!

! LaTeX Error: Environment equation* undefined.

See the LaTeX manual or LaTeX Companion for explanation.
Type  H <return>  for immediate help.
 ...                                              
                                                  
l.61 \begin{equation*}
                      
Your command was ignored.
Type  I <command> <return>  to replace it with another command,
or  <return>  to continue without it.


! LaTeX Error: Environment split undefined.

See the LaTeX manual or LaTeX Companion for explanation.
Type  H <return>  for immediate help.
 ...                                              
                                                  
l.62 \begin{split}
                  
Your command was ignored.
Type  I <command> <return>  to replace it with another command,
or  <return>  to continue without it.

Missing character: There is no P in font nullfont!
! Missing $ inserted.
<inserted text> 
                $
l.63 P_
       {4}(x) &= f(x_{0}) + f'(x_{0})\cdot (x-x_{0}) + \dfrac{f''(x_{0})}{2!...
I've inserted a begin-math/end-math symbol since I think
you left one out. Proceed, with fingers crossed.

! Misplaced alignment tab character &.
l.63 P_{4}(x) &
               = f(x_{0}) + f'(x_{0})\cdot (x-x_{0}) + \dfrac{f''(x_{0})}{2!...
I can't figure out why you would want to use a tab mark
here. If you just want an ampersand, the remedy is
simple: Just type `I\&' now. But if some right brace
up above has ended a previous alignment prematurely,
you're probably due for more error messages, and you
might try typing `S' now just to see what is salvageable.

! Undefined control sequence.
l.63 ...x_{0}) + f'(x_{0})\cdot (x-x_{0}) + \dfrac
                                                  {f''(x_{0})}{2!} \cdot (x-...
The control sequence at the end of the top line
of your error message was never \def'ed. If you have
misspelled it (e.g., `\hobx'), type `I' and the correct
spelling (e.g., `I\hbox'). Otherwise just continue,
and I'll forget about whatever was undefined.

! Undefined control sequence.
l.63 ...'(x_{0})}{2!} \cdot (x-x_{0})^{2} + \dfrac
                                                  {f'''(x_{0})}{3!} \cdot (x...
The control sequence at the end of the top line
of your error message was never \def'ed. If you have
misspelled it (e.g., `\hobx'), type `I' and the correct
spelling (e.g., `I\hbox'). Otherwise just continue,
and I'll forget about whatever was undefined.

! Undefined control sequence.
l.63 ...'(x_{0})}{3!} \cdot (x-x_{0})^{3} + \dfrac
                                                  {f''''(x_{0})}{4!} \cdot (...
The control sequence at the end of the top line
of your error message was never \def'ed. If you have
misspelled it (e.g., `\hobx'), type `I' and the correct
spelling (e.g., `I\hbox'). Otherwise just continue,
and I'll forget about whatever was undefined.

! Misplaced alignment tab character &.
l.64 P_{4}(0) &
               = e^{0} + e^{0} \cdot (x-0) + \dfrac{e^{0}}{2!} \cdot (x-0)^{...
I can't figure out why you would want to use a tab mark
here. If you just want an ampersand, the remedy is
simple: Just type `I\&' now. But if some right brace
up above has ended a previous alignment prematurely,
you're probably due for more error messages, and you
might try typing `S' now just to see what is salvageable.

! Undefined control sequence.
l.64 ...}(0) &= e^{0} + e^{0} \cdot (x-0) + \dfrac
                                                  {e^{0}}{2!} \cdot (x-0)^{2...
The control sequence at the end of the top line
of your error message was never \def'ed. If you have
misspelled it (e.g., `\hobx'), type `I' and the correct
spelling (e.g., `I\hbox'). Otherwise just continue,
and I'll forget about whatever was undefined.

! Undefined control sequence.
l.64 ...\dfrac{e^{0}}{2!} \cdot (x-0)^{2} + \dfrac
                                                  {e^{0}}{3!} \cdot (x-0)^{3...
The control sequence at the end of the top line
of your error message was never \def'ed. If you have
misspelled it (e.g., `\hobx'), type `I' and the correct
spelling (e.g., `I\hbox'). Otherwise just continue,
and I'll forget about whatever was undefined.

! Undefined control sequence.
l.64 ...\dfrac{e^{0}}{3!} \cdot (x-0)^{3} + \dfrac
                                                  {e^{0}}{4!} \cdot (x-0)^{4...
The control sequence at the end of the top line
of your error message was never \def'ed. If you have
misspelled it (e.g., `\hobx'), type `I' and the correct
spelling (e.g., `I\hbox'). Otherwise just continue,
and I'll forget about whatever was undefined.

! Misplaced alignment tab character &.
l.65 P_{4}(0) &
               = 1 + x + \dfrac{1}{2} \cdot x^{2} + \dfrac{1}{6} \cdot x^{3}...
I can't figure out why you would want to use a tab mark
here. If you just want an ampersand, the remedy is
simple: Just type `I\&' now. But if some right brace
up above has ended a previous alignment prematurely,
you're probably due for more error messages, and you
might try typing `S' now just to see what is salvageable.

! Undefined control sequence.
l.65 P_{4}(0) &= 1 + x + \dfrac
                               {1}{2} \cdot x^{2} + \dfrac{1}{6} \cdot x^{3}...
The control sequence at the end of the top line
of your error message was never \def'ed. If you have
misspelled it (e.g., `\hobx'), type `I' and the correct
spelling (e.g., `I\hbox'). Otherwise just continue,
and I'll forget about whatever was undefined.

! Undefined control sequence.
l.65 ... 1 + x + \dfrac{1}{2} \cdot x^{2} + \dfrac
                                                  {1}{6} \cdot x^{3} + \dfra...
The control sequence at the end of the top line
of your error message was never \def'ed. If you have
misspelled it (e.g., `\hobx'), type `I' and the correct
spelling (e.g., `I\hbox'). Otherwise just continue,
and I'll forget about whatever was undefined.

! Undefined control sequence.
l.65 ... x^{2} + \dfrac{1}{6} \cdot x^{3} + \dfrac
                                                  {1}{24} \cdot x^{4} \quad ...
The control sequence at the end of the top line
of your error message was never \def'ed. If you have
misspelled it (e.g., `\hobx'), type `I' and the correct
spelling (e.g., `I\hbox'). Otherwise just continue,
and I'll forget about whatever was undefined.

! Undefined control sequence.
l.65 ... \cdot x^{4} \quad \Rightarrow \quad \text
                                                  { Hallamos a } P_{4}(x)\\
The control sequence at the end of the top line
of your error message was never \def'ed. If you have
misspelled it (e.g., `\hobx'), type `I' and the correct
spelling (e.g., `I\hbox'). Otherwise just continue,
and I'll forget about whatever was undefined.


! LaTeX Error: \begin{document} ended by \end{split}.

See the LaTeX manual or LaTeX Companion for explanation.
Type  H <return>  for immediate help.
 ...                                              
                                                  
l.66 \end{split}
                
Your command was ignored.
Type  I <command> <return>  to replace it with another command,
or  <return>  to continue without it.

! Missing $ inserted.
<inserted text> 
                $
l.66 \end{split}
                
I've inserted something that you may have forgotten.
(See the <inserted text> above.)
With luck, this will get me unwedged. But if you
really didn't forget anything, try typing `2' now; then
my insertion and my current dilemma will both disappear.


! LaTeX Error: \begin{document} ended by \end{equation*}.

See the LaTeX manual or LaTeX Companion for explanation.
Type  H <return>  for immediate help.
 ...                                              
                                                  
l.67 \end{equation*}
                    
Your command was ignored.
Type  I <command> <return>  to replace it with another command,
or  <return>  to continue without it.


Overfull \hbox (44.45116pt too wide) in paragraph at lines 58--68
\OT1/cmr/bx/n/10 Ejemplo:
 []


Overfull \hbox (30.02084pt too wide) in paragraph at lines 58--68
\OML/cmm/m/it/10 f\/cmr/m/n/10 (\OML/cmm/m/it/10 x\/cmr/m/n/10 ) =
 []


Overfull \hbox (9.691pt too wide) in paragraph at lines 58--68
\OML/cmm/m/it/10 e[]$
 []


Overfull \hbox (31.06595pt too wide) in paragraph at lines 58--68
\OML/cmm/m/it/10 P[]\/cmr/m/n/10 (\OML/cmm/m/it/10 x \/cmr/m/n/10 =
 []


Overfull \hbox (8.88892pt too wide) in paragraph at lines 58--68
\/cmr/m/n/10 0)$ 
 []


Overfull \hbox (30.02084pt too wide) in paragraph at lines 58--68
\OML/cmm/m/it/10 f\/cmr/m/n/10 (\OML/cmm/m/it/10 x\/cmr/m/n/10 ) =
 []


Overfull \hbox (34.89232pt too wide) in paragraph at lines 58--68
\OML/cmm/m/it/10 e[];  x[] \/cmr/m/n/10 =
 []


Overfull \hbox (26.00229pt too wide) in paragraph at lines 58--68
\/cmr/m/n/10 0\OML/cmm/m/it/10 ;  n \/cmr/m/n/10 =
 []


Overfull \hbox (5.00002pt too wide) in paragraph at lines 58--68
\/cmr/m/n/10 4$
 []


Overfull \hbox (28.53471pt too wide) in paragraph at lines 58--68
[]\/cmr/m/n/10 (\OML/cmm/m/it/10 x\/cmr/m/n/10 ) =
 []


Overfull \hbox (31.72926pt too wide) in paragraph at lines 58--68
\OML/cmm/m/it/10 f\/cmr/m/n/10 (\OML/cmm/m/it/10 x[]\/cmr/m/n/10 ) +
 []


Overfull \hbox (29.5348pt too wide) in paragraph at lines 58--68
\OML/cmm/m/it/10 f[]\/cmr/m/n/10 (\OML/cmm/m/it/10 x[]\/cmr/m/n/10 ) \OMS/cmsy/
m/n/10 ^^A
 []


Overfull \hbox (17.38197pt too wide) in paragraph at lines 58--68
\/cmr/m/n/10 (\OML/cmm/m/it/10 x \OMS/cmsy/m/n/10 ^^@
 []


Overfull \hbox (21.8681pt too wide) in paragraph at lines 58--68
\OML/cmm/m/it/10 x[]\/cmr/m/n/10 ) +
 []


Overfull \hbox (39.61816pt too wide) in paragraph at lines 58--68
[][] \OMS/cmsy/m/n/10 ^^A
 []


Overfull \hbox (17.38197pt too wide) in paragraph at lines 58--68
\/cmr/m/n/10 (\OML/cmm/m/it/10 x \OMS/cmsy/m/n/10 ^^@
 []


Overfull \hbox (26.35423pt too wide) in paragraph at lines 58--68
\OML/cmm/m/it/10 x[]\/cmr/m/n/10 )[] +
 []


Overfull \hbox (41.92372pt too wide) in paragraph at lines 58--68
[][] \OMS/cmsy/m/n/10 ^^A
 []


Overfull \hbox (17.38197pt too wide) in paragraph at lines 58--68
\/cmr/m/n/10 (\OML/cmm/m/it/10 x \OMS/cmsy/m/n/10 ^^@
 []


Overfull \hbox (26.35423pt too wide) in paragraph at lines 58--68
\OML/cmm/m/it/10 x[]\/cmr/m/n/10 )[] +
 []


Overfull \hbox (44.22928pt too wide) in paragraph at lines 58--68
[][] \OMS/cmsy/m/n/10 ^^A
 []


Overfull \hbox (17.38197pt too wide) in paragraph at lines 58--68
\/cmr/m/n/10 (\OML/cmm/m/it/10 x \OMS/cmsy/m/n/10 ^^@
 []


Overfull \hbox (18.57643pt too wide) in paragraph at lines 58--68
\OML/cmm/m/it/10 x[]\/cmr/m/n/10 )[][] 
 []


Overfull \hbox (34.2396pt too wide) in paragraph at lines 58--68
\OML/cmm/m/it/10 P[]\/cmr/m/n/10 (0) =
 []


Overfull \hbox (16.9202pt too wide) in paragraph at lines 58--68
\OML/cmm/m/it/10 e[] \/cmr/m/n/10 +
 []


Overfull \hbox (11.92018pt too wide) in paragraph at lines 58--68
\OML/cmm/m/it/10 e[] \OMS/cmsy/m/n/10 ^^A
 []


Overfull \hbox (17.38197pt too wide) in paragraph at lines 58--68
\/cmr/m/n/10 (\OML/cmm/m/it/10 x \OMS/cmsy/m/n/10 ^^@
 []


Overfull \hbox (16.66672pt too wide) in paragraph at lines 58--68
\/cmr/m/n/10 0) +
 []


Overfull \hbox (19.69798pt too wide) in paragraph at lines 58--68
[][] \OMS/cmsy/m/n/10 ^^A
 []


Overfull \hbox (17.38197pt too wide) in paragraph at lines 58--68
\/cmr/m/n/10 (\OML/cmm/m/it/10 x \OMS/cmsy/m/n/10 ^^@
 []


Overfull \hbox (21.15285pt too wide) in paragraph at lines 58--68
\/cmr/m/n/10 0)[] +
 []


Overfull \hbox (19.69798pt too wide) in paragraph at lines 58--68
[][] \OMS/cmsy/m/n/10 ^^A
 []


Overfull \hbox (17.38197pt too wide) in paragraph at lines 58--68
\/cmr/m/n/10 (\OML/cmm/m/it/10 x \OMS/cmsy/m/n/10 ^^@
 []


Overfull \hbox (21.15285pt too wide) in paragraph at lines 58--68
\/cmr/m/n/10 0)[] +
 []


Overfull \hbox (19.69798pt too wide) in paragraph at lines 58--68
[][] \OMS/cmsy/m/n/10 ^^A
 []


Overfull \hbox (17.38197pt too wide) in paragraph at lines 58--68
\/cmr/m/n/10 (\OML/cmm/m/it/10 x \OMS/cmsy/m/n/10 ^^@
 []


Overfull \hbox (13.37505pt too wide) in paragraph at lines 58--68
\/cmr/m/n/10 0)[][] 
 []


Overfull \hbox (34.2396pt too wide) in paragraph at lines 58--68
\OML/cmm/m/it/10 P[]\/cmr/m/n/10 (0) =
 []


Overfull \hbox (12.77782pt too wide) in paragraph at lines 58--68
\/cmr/m/n/10 1 +
 []


Overfull \hbox (13.49307pt too wide) in paragraph at lines 58--68
\OML/cmm/m/it/10 x \/cmr/m/n/10 +
 []


Overfull \hbox (12.77782pt too wide) in paragraph at lines 58--68
\/cmr/m/n/10 12 \OMS/cmsy/m/n/10 ^^A
 []


Overfull \hbox (17.9792pt too wide) in paragraph at lines 58--68
\OML/cmm/m/it/10 x[] \/cmr/m/n/10 +
 []


Overfull \hbox (12.77782pt too wide) in paragraph at lines 58--68
\/cmr/m/n/10 16 \OMS/cmsy/m/n/10 ^^A
 []


Overfull \hbox (17.9792pt too wide) in paragraph at lines 58--68
\OML/cmm/m/it/10 x[] \/cmr/m/n/10 +
 []


Overfull \hbox (17.77783pt too wide) in paragraph at lines 58--68
\/cmr/m/n/10 1[] \OMS/cmsy/m/n/10 ^^A
 []


Overfull \hbox (22.97913pt too wide) in paragraph at lines 58--68
\OML/cmm/m/it/10 x[]  \OMS/cmsy/m/n/10 )
 []


Overfull \hbox (74.05798pt too wide) in paragraph at lines 58--68
[]\OML/cmm/m/it/10 P[]\/cmr/m/n/10 (\OML/cmm/m/it/10 x\/cmr/m/n/10 )[] 
 []


! LaTeX Error: The font size command \normalsize is not defined:
               there is probably something wrong with the class file.

See the LaTeX manual or LaTeX Companion for explanation.
Type  H <return>  for immediate help.
 ...                                              
                                                  
l.68 
     
Your command was ignored.
Type  I <command> <return>  to replace it with another command,
or  <return>  to continue without it.

[1{/var/lib/texmf/fonts/map/pdftex/updmap/pdftex.map}])
! Emergency stop.
<*> polinomioTaylor.tex
                       
*** (job aborted, no legal \end found)

 
Here is how much of TeX's memory you used:
 23 strings out of 492609
 335 string characters out of 6131462
 67960 words of memory out of 5000000
 4040 multiletter control sequences out of 15000+600000
 3948 words of font info for 15 fonts, out of 8000000 for 9000
 1141 hyphenation exceptions out of 8191
 18i,9n,16p,264b,115s stack positions out of 5000i,500n,10000p,200000b,80000s
!  ==> Fatal error occurred, no output PDF file produced!
